INFO 2023-08-30 00:27:20,061 autoreload 42328 79832 Watching for file changes with StatReloader
INFO 2023-08-30 00:27:23,013 basehttp 42328 10328 "GET / HTTP/1.1" 200 13
INFO 2023-08-30 00:27:28,746 views 42328 10328 Результат - Орел
INFO 2023-08-30 00:27:28,747 basehttp 42328 10328 "GET /coin/ HTTP/1.1" 200 70
INFO 2023-08-30 00:27:29,702 views 42328 10328 Результат - Орел
INFO 2023-08-30 00:27:29,709 basehttp 42328 10328 "GET /coin/ HTTP/1.1" 200 70
INFO 2023-08-30 00:27:30,185 views 42328 10328 Результат - Решка
INFO 2023-08-30 00:27:30,185 basehttp 42328 10328 "GET /coin/ HTTP/1.1" 200 72
INFO 2023-08-30 00:27:30,701 views 42328 10328 Результат - Орел
INFO 2023-08-30 00:27:30,709 basehttp 42328 10328 "GET /coin/ HTTP/1.1" 200 70
INFO 2023-08-30 00:27:31,167 views 42328 10328 Результат - Решка
INFO 2023-08-30 00:27:31,167 basehttp 42328 10328 "GET /coin/ HTTP/1.1" 200 72
INFO 2023-08-30 00:27:35,646 views 42328 10328 Результат - 1
INFO 2023-08-30 00:27:35,646 basehttp 42328 10328 "GET /cube/ HTTP/1.1" 200 63
INFO 2023-08-30 00:27:36,492 views 42328 10328 Результат - 1
INFO 2023-08-30 00:27:36,492 basehttp 42328 10328 "GET /cube/ HTTP/1.1" 200 63
INFO 2023-08-30 00:27:36,817 views 42328 10328 Результат - 6
INFO 2023-08-30 00:27:36,817 basehttp 42328 10328 "GET /cube/ HTTP/1.1" 200 63
INFO 2023-08-30 00:27:37,308 views 42328 10328 Результат - 6
INFO 2023-08-30 00:27:37,317 basehttp 42328 10328 "GET /cube/ HTTP/1.1" 200 63
INFO 2023-08-30 00:27:37,683 views 42328 10328 Результат - 5
INFO 2023-08-30 00:27:37,683 basehttp 42328 10328 "GET /cube/ HTTP/1.1" 200 63
INFO 2023-08-30 00:27:38,133 views 42328 10328 Результат - 5
INFO 2023-08-30 00:27:38,133 basehttp 42328 10328 "GET /cube/ HTTP/1.1" 200 63
INFO 2023-08-30 00:27:38,533 views 42328 10328 Результат - 6
INFO 2023-08-30 00:27:38,541 basehttp 42328 10328 "GET /cube/ HTTP/1.1" 200 63
INFO 2023-08-30 00:27:43,741 views 42328 10328 Результат - 68
INFO 2023-08-30 00:27:43,747 basehttp 42328 10328 "GET /rand100/ HTTP/1.1" 200 68
INFO 2023-08-30 00:27:44,732 views 42328 10328 Результат - 56
INFO 2023-08-30 00:27:44,740 basehttp 42328 10328 "GET /rand100/ HTTP/1.1" 200 68
INFO 2023-08-30 00:27:45,168 views 42328 10328 Результат - 36
INFO 2023-08-30 00:27:45,171 basehttp 42328 10328 "GET /rand100/ HTTP/1.1" 200 68
INFO 2023-08-30 00:27:45,531 views 42328 10328 Результат - 7
INFO 2023-08-30 00:27:45,541 basehttp 42328 10328 "GET /rand100/ HTTP/1.1" 200 67
INFO 2023-08-30 00:27:45,891 views 42328 10328 Результат - 76
INFO 2023-08-30 00:27:45,891 basehttp 42328 10328 "GET /rand100/ HTTP/1.1" 200 68
INFO 2023-08-30 00:27:46,249 views 42328 10328 Результат - 21
INFO 2023-08-30 00:27:46,249 basehttp 42328 10328 "GET /rand100/ HTTP/1.1" 200 68
INFO 2023-08-30 00:27:46,590 views 42328 10328 Результат - 75
INFO 2023-08-30 00:27:46,590 basehttp 42328 10328 "GET /rand100/ HTTP/1.1" 200 68
INFO 2023-08-30 00:27:46,882 views 42328 10328 Результат - 91
INFO 2023-08-30 00:27:46,882 basehttp 42328 10328 "GET /rand100/ HTTP/1.1" 200 68
