Watching for file changes with StatReloader
"GET / HTTP/1.1" 200 13
"GET /about/ HTTP/1.1" 200 8
C:\Users\Пользователь\Desktop\Django\myproject\myapp\views.py changed, reloading.
Watching for file changes with StatReloader
C:\Users\Пользователь\Desktop\Django\myproject\myapp\views.py changed, reloading.
Watching for file changes with StatReloader
C:\Users\Пользователь\Desktop\Django\myproject\myapp\views.py changed, reloading.
Watching for file changes with StatReloader
C:\Users\Пользователь\Desktop\Django\myproject\myapp\views.py changed, reloading.
Watching for file changes with StatReloader
C:\Users\Пользователь\Desktop\Django\myproject\myapp\views.py changed, reloading.
Watching for file changes with StatReloader
C:\Users\Пользователь\Desktop\Django\myproject\myapp\views.py changed, reloading.
Watching for file changes with StatReloader
C:\Users\Пользователь\Desktop\Django\myproject\myapp\views.py changed, reloading.
Watching for file changes with StatReloader
C:\Users\Пользователь\Desktop\Django\myproject\myapp\views.py changed, reloading.
Watching for file changes with StatReloader
C:\Users\Пользователь\Desktop\Django\myproject\myapp\views.py changed, reloading.
Watching for file changes with StatReloader
C:\Users\Пользователь\Desktop\Django\myproject\myapp\views.py changed, reloading.
Watching for file changes with StatReloader
C:\Users\Пользователь\Desktop\Django\myproject\myapp\views.py changed, reloading.
Watching for file changes with StatReloader
C:\Users\Пользователь\Desktop\Django\myproject\myapp\views.py changed, reloading.
Watching for file changes with StatReloader
C:\Users\Пользователь\Desktop\Django\myproject\myapp\views.py changed, reloading.
Watching for file changes with StatReloader
C:\Users\Пользователь\Desktop\Django\myproject\myapp\views.py changed, reloading.
Watching for file changes with StatReloader
C:\Users\Пользователь\Desktop\Django\myproject\myapp\views.py changed, reloading.
Watching for file changes with StatReloader
C:\Users\Пользователь\Desktop\Django\myproject\myapp\views.py changed, reloading.
Watching for file changes with StatReloader
C:\Users\Пользователь\Desktop\Django\myproject\myapp\views.py changed, reloading.
Watching for file changes with StatReloader
C:\Users\Пользователь\Desktop\Django\myproject\myapp\views.py changed, reloading.
Watching for file changes with StatReloader
C:\Users\Пользователь\Desktop\Django\myproject\myapp\views.py changed, reloading.
Watching for file changes with StatReloader
C:\Users\Пользователь\Desktop\Django\myproject\myapp\views.py changed, reloading.
Watching for file changes with StatReloader
C:\Users\Пользователь\Desktop\Django\myproject\myapp\views.py changed, reloading.
Watching for file changes with StatReloader
C:\Users\Пользователь\Desktop\Django\myproject\myapp\views.py changed, reloading.
Watching for file changes with StatReloader
C:\Users\Пользователь\Desktop\Django\myproject\myapp\views.py changed, reloading.
Watching for file changes with StatReloader
C:\Users\Пользователь\Desktop\Django\myproject\myapp\views.py changed, reloading.
Watching for file changes with StatReloader
C:\Users\Пользователь\Desktop\Django\myproject\myapp\views.py changed, reloading.
Watching for file changes with StatReloader
C:\Users\Пользователь\Desktop\Django\myproject\myapp\views.py changed, reloading.
Watching for file changes with StatReloader
C:\Users\Пользователь\Desktop\Django\myproject\myapp\views.py changed, reloading.
Watching for file changes with StatReloader
C:\Users\Пользователь\Desktop\Django\myproject\myapp\views.py changed, reloading.
Watching for file changes with StatReloader
C:\Users\Пользователь\Desktop\Django\myproject\myapp\views.py changed, reloading.
Watching for file changes with StatReloader
C:\Users\Пользователь\Desktop\Django\myproject\myapp\views.py changed, reloading.
Watching for file changes with StatReloader
C:\Users\Пользователь\Desktop\Django\myproject\myapp\views.py changed, reloading.
Watching for file changes with StatReloader
C:\Users\Пользователь\Desktop\Django\myproject\myapp\views.py changed, reloading.
Watching for file changes with StatReloader
C:\Users\Пользователь\Desktop\Django\myproject\myapp\views.py changed, reloading.
Watching for file changes with StatReloader
C:\Users\Пользователь\Desktop\Django\myproject\myapp\views.py changed, reloading.
Watching for file changes with StatReloader
C:\Users\Пользователь\Desktop\Django\myproject\myapp\views.py changed, reloading.
Watching for file changes with StatReloader
C:\Users\Пользователь\Desktop\Django\myproject\myapp\views.py changed, reloading.
Watching for file changes with StatReloader
C:\Users\Пользователь\Desktop\Django\myproject\myapp\views.py changed, reloading.
Watching for file changes with StatReloader
C:\Users\Пользователь\Desktop\Django\myproject\myapp\views.py changed, reloading.
Watching for file changes with StatReloader
C:\Users\Пользователь\Desktop\Django\myproject\myapp\views.py changed, reloading.
Watching for file changes with StatReloader
C:\Users\Пользователь\Desktop\Django\myproject\myapp\views.py changed, reloading.
Watching for file changes with StatReloader
C:\Users\Пользователь\Desktop\Django\myproject\myapp\views.py changed, reloading.
Watching for file changes with StatReloader
C:\Users\Пользователь\Desktop\Django\myproject\myapp\views.py changed, reloading.
Watching for file changes with StatReloader
C:\Users\Пользователь\Desktop\Django\myproject\myapp\views.py changed, reloading.
Watching for file changes with StatReloader
C:\Users\Пользователь\Desktop\Django\myproject\myapp\views.py changed, reloading.
Watching for file changes with StatReloader
C:\Users\Пользователь\Desktop\Django\myproject\myapp\views.py changed, reloading.
Watching for file changes with StatReloader
C:\Users\Пользователь\Desktop\Django\myproject\myapp\views.py changed, reloading.
Watching for file changes with StatReloader
C:\Users\Пользователь\Desktop\Django\myproject\myapp\views.py changed, reloading.
Watching for file changes with StatReloader
C:\Users\Пользователь\Desktop\Django\myproject\myapp\views.py changed, reloading.
Watching for file changes with StatReloader
C:\Users\Пользователь\Desktop\Django\myproject\myapp\views.py changed, reloading.
Watching for file changes with StatReloader
C:\Users\Пользователь\Desktop\Django\myproject\myapp\views.py changed, reloading.
Watching for file changes with StatReloader
C:\Users\Пользователь\Desktop\Django\myproject\myapp\views.py changed, reloading.
Watching for file changes with StatReloader
C:\Users\Пользователь\Desktop\Django\myproject\myapp\views.py changed, reloading.
Watching for file changes with StatReloader
C:\Users\Пользователь\Desktop\Django\myproject\myapp\views.py changed, reloading.
Watching for file changes with StatReloader
C:\Users\Пользователь\Desktop\Django\myproject\myapp\views.py changed, reloading.
Watching for file changes with StatReloader
C:\Users\Пользователь\Desktop\Django\myproject\myapp\views.py changed, reloading.
Watching for file changes with StatReloader
C:\Users\Пользователь\Desktop\Django\myproject\myapp\views.py changed, reloading.
Watching for file changes with StatReloader
C:\Users\Пользователь\Desktop\Django\myproject\myapp\views.py changed, reloading.
Watching for file changes with StatReloader
C:\Users\Пользователь\Desktop\Django\myproject\myapp\views.py changed, reloading.
Watching for file changes with StatReloader
C:\Users\Пользователь\Desktop\Django\myproject\myapp\views.py changed, reloading.
Watching for file changes with StatReloader
C:\Users\Пользователь\Desktop\Django\myproject\myapp\views.py changed, reloading.
Watching for file changes with StatReloader
C:\Users\Пользователь\Desktop\Django\myproject\myapp\views.py changed, reloading.
Watching for file changes with StatReloader
C:\Users\Пользователь\Desktop\Django\myproject\myapp\views.py changed, reloading.
Watching for file changes with StatReloader
C:\Users\Пользователь\Desktop\Django\myproject\myapp\views.py changed, reloading.
Watching for file changes with StatReloader
C:\Users\Пользователь\Desktop\Django\myproject\myapp\views.py changed, reloading.
Watching for file changes with StatReloader
C:\Users\Пользователь\Desktop\Django\myproject\myapp\views.py changed, reloading.
Watching for file changes with StatReloader
C:\Users\Пользователь\Desktop\Django\myproject\myapp\views.py changed, reloading.
Watching for file changes with StatReloader
C:\Users\Пользователь\Desktop\Django\myproject\myapp\views.py changed, reloading.
Watching for file changes with StatReloader
C:\Users\Пользователь\Desktop\Django\myproject\myapp\views.py changed, reloading.
Watching for file changes with StatReloader
C:\Users\Пользователь\Desktop\Django\myproject\myapp\views.py changed, reloading.
Watching for file changes with StatReloader
C:\Users\Пользователь\Desktop\Django\myproject\myapp\views.py changed, reloading.
Watching for file changes with StatReloader
C:\Users\Пользователь\Desktop\Django\myproject\myapp\views.py changed, reloading.
Watching for file changes with StatReloader
C:\Users\Пользователь\Desktop\Django\myproject\myapp\views.py changed, reloading.
Watching for file changes with StatReloader
C:\Users\Пользователь\Desktop\Django\myproject\myapp\views.py changed, reloading.
Watching for file changes with StatReloader
C:\Users\Пользователь\Desktop\Django\myproject\myapp\views.py changed, reloading.
Watching for file changes with StatReloader
C:\Users\Пользователь\Desktop\Django\myproject\myapp\views.py changed, reloading.
Watching for file changes with StatReloader
C:\Users\Пользователь\Desktop\Django\myproject\myapp\views.py changed, reloading.
Watching for file changes with StatReloader
C:\Users\Пользователь\Desktop\Django\myproject\myapp\views.py changed, reloading.
Watching for file changes with StatReloader
C:\Users\Пользователь\Desktop\Django\myproject\myapp\views.py changed, reloading.
Watching for file changes with StatReloader
C:\Users\Пользователь\Desktop\Django\myproject\myapp\views.py changed, reloading.
Watching for file changes with StatReloader
C:\Users\Пользователь\Desktop\Django\myproject\myapp\views.py changed, reloading.
Watching for file changes with StatReloader
"GET / HTTP/1.1" 200 13
"GET /about/ HTTP/1.1" 200 26
"GET /about HTTP/1.1" 301 0
"GET /about/ HTTP/1.1" 200 26
C:\Users\Пользователь\Desktop\Django\myproject\myproject\settings.py changed, reloading.
Watching for file changes with StatReloader
C:\Users\Пользователь\Desktop\Django\myproject\myproject\settings.py changed, reloading.
Watching for file changes with StatReloader
Index page accessed
"GET / HTTP/1.1" 200 13
Error in about page: division by zero 
Traceback (most recent call last):
  File "C:\Users\Пользователь\Desktop\Django\myproject\myapp\views.py", line 14, in about
    result = 1 / 0
             ~~^~~
ZeroDivisionError: division by zero
"GET /about/ HTTP/1.1" 200 26
C:\Users\Пользователь\Desktop\Django\myproject\myproject\settings.py changed, reloading.
INFO 2023-08-20 22:12:34,750 autoreload 29828 52248 Watching for file changes with StatReloader
INFO 2023-08-20 22:12:36,922 views 29828 83516 Index page accessed
INFO 2023-08-20 22:12:36,924 basehttp 29828 83516 "GET / HTTP/1.1" 200 13
INFO 2023-08-20 22:12:40,596 views 29828 83516 Index page accessed
INFO 2023-08-20 22:12:40,597 basehttp 29828 83516 "GET / HTTP/1.1" 200 13
ERROR 2023-08-20 22:12:46,198 views 29828 83516 Error in about page: division by zero 
Traceback (most recent call last):
  File "C:\Users\Пользователь\Desktop\Django\myproject\myapp\views.py", line 14, in about
    result = 1 / 0
             ~~^~~
ZeroDivisionError: division by zero
INFO 2023-08-20 22:12:46,200 basehttp 29828 83516 "GET /about/ HTTP/1.1" 200 26
ERROR 2023-08-20 22:12:47,336 views 29828 83516 Error in about page: division by zero 
Traceback (most recent call last):
  File "C:\Users\Пользователь\Desktop\Django\myproject\myapp\views.py", line 14, in about
    result = 1 / 0
             ~~^~~
ZeroDivisionError: division by zero
INFO 2023-08-20 22:12:47,338 basehttp 29828 83516 "GET /about/ HTTP/1.1" 200 26
